<?xml version="1.0" encoding="UTF-8"?>
<coverage generated="1616422797370" clover="3.2.0">
  <project timestamp="1616422797370" name="All files">
    <metrics statements="18" coveredstatements="4" conditionals="4" coveredconditionals="0" methods="4" coveredmethods="1" elements="26" coveredelements="5" complexity="0" loc="18" ncloc="18" packages="1" files="2" classes="2"/>
    <file name="formHandler.js" path="D:\Work\Nour-Enineering-Consultant\webs\udacityAdvancedTrack\Udacity-Advanced-Project-evaluate-news-NLP\src\client\js\formHandler.js">
      <metrics statements="16" coveredstatements="2" conditionals="4" coveredconditionals="0" methods="3" coveredmethods="0"/>
      <line num="5" count="1" type="stmt"/>
      <line num="8" count="0" type="stmt"/>
      <line num="10" count="0" type="stmt"/>
      <line num="12" count="0" type="cond" truecount="0" falsecount="2"/>
      <line num="15" count="0" type="stmt"/>
      <line num="16" count="0" type="stmt"/>
      <line num="17" count="0" type="stmt"/>
      <line num="18" count="0" type="stmt"/>
      <line num="19" count="0" type="stmt"/>
      <line num="24" count="0" type="stmt"/>
      <line num="25" count="0" type="stmt"/>
      <line num="30" count="1" type="cond" truecount="0" falsecount="2"/>
      <line num="31" count="0" type="stmt"/>
      <line num="40" count="0" type="stmt"/>
      <line num="42" count="0" type="stmt"/>
      <line num="46" count="0" type="stmt"/>
    </file>
    <file name="validURL.js" path="D:\Work\Nour-Enineering-Consultant\webs\udacityAdvancedTrack\Udacity-Advanced-Project-evaluate-news-NLP\src\client\js\validURL.js">
      <metrics statements="2" coveredstatements="2" conditionals="0" coveredconditionals="0" methods="1" coveredmethods="1"/>
      <line num="17" count="2" type="stmt"/>
      <line num="23" count="2" type="stmt"/>
    </file>
  </project>
</coverage>
