{"D:\\Work\\Nour-Enineering-Consultant\\webs\\udacityAdvancedTrack\\Udacity-Advanced-Project-evaluate-news-NLP\\src\\client\\js\\formHandler.js": {"path":"D:\\Work\\Nour-Enineering-Consultant\\webs\\udacityAdvancedTrack\\Udacity-Advanced-Project-evaluate-news-NLP\\src\\client\\js\\formHandler.js","statementMap":{"0":{"start":{"line":5,"column":14},"end":{"line":5,"column":35}},"1":{"start":{"line":8,"column":4},"end":{"line":8,"column":22}},"2":{"start":{"line":10,"column":14},"end":{"line":10,"column":50}},"3":{"start":{"line":12,"column":4},"end":{"line":26,"column":5}},"4":{"start":{"line":15,"column":8},"end":{"line":20,"column":10}},"5":{"start":{"line":16,"column":12},"end":{"line":16,"column":92}},"6":{"start":{"line":17,"column":12},"end":{"line":17,"column":101}},"7":{"start":{"line":18,"column":12},"end":{"line":18,"column":95}},"8":{"start":{"line":19,"column":12},"end":{"line":19,"column":80}},"9":{"start":{"line":24,"column":8},"end":{"line":24,"column":41}},"10":{"start":{"line":25,"column":8},"end":{"line":25,"column":47}},"11":{"start":{"line":30,"column":13},"end":{"line":48,"column":1}},"12":{"start":{"line":31,"column":21},"end":{"line":39,"column":6}},"13":{"start":{"line":40,"column":4},"end":{"line":47,"column":5}},"14":{"start":{"line":42,"column":8},"end":{"line":42,"column":36}},"15":{"start":{"line":46,"column":8},"end":{"line":46,"column":40}}},"fnMap":{"0":{"name":"handleSubmit","decl":{"start":{"line":7,"column":15},"end":{"line":7,"column":27}},"loc":{"start":{"line":7,"column":31},"end":{"line":27,"column":1}},"line":7},"1":{"name":"(anonymous_1)","decl":{"start":{"line":15,"column":60},"end":{"line":15,"column":61}},"loc":{"start":{"line":15,"column":67},"end":{"line":20,"column":9}},"line":15},"2":{"name":"(anonymous_2)","decl":{"start":{"line":30,"column":13},"end":{"line":30,"column":14}},"loc":{"start":{"line":30,"column":44},"end":{"line":48,"column":1}},"line":30}},"branchMap":{"0":{"loc":{"start":{"line":12,"column":4},"end":{"line":26,"column":5}},"type":"if","locations":[{"start":{"line":12,"column":4},"end":{"line":26,"column":5}},{"start":{"line":12,"column":4},"end":{"line":26,"column":5}}],"line":12},"1":{"loc":{"start":{"line":30,"column":20},"end":{"line":30,"column":28}},"type":"default-arg","locations":[{"start":{"line":30,"column":26},"end":{"line":30,"column":28}}],"line":30},"2":{"loc":{"start":{"line":30,"column":30},"end":{"line":30,"column":39}},"type":"default-arg","locations":[{"start":{"line":30,"column":37},"end":{"line":30,"column":39}}],"line":30}},"s":{"0":1,"1":0,"2":0,"3":0,"4":0,"5":0,"6":0,"7":0,"8":0,"9":0,"10":0,"11":1,"12":0,"13":0,"14":0,"15":0},"f":{"0":0,"1":0,"2":0},"b":{"0":[0,0],"1":[0],"2":[0]},"_coverageSchema":"1a1c01bbd47fc00a2c39e90264f33305004495a9","hash":"448378941f8b3bdef866515264c41fd621fa35ca"}
,"D:\\Work\\Nour-Enineering-Consultant\\webs\\udacityAdvancedTrack\\Udacity-Advanced-Project-evaluate-news-NLP\\src\\client\\js\\validURL.js": {"path":"D:\\Work\\Nour-Enineering-Consultant\\webs\\udacityAdvancedTrack\\Udacity-Advanced-Project-evaluate-news-NLP\\src\\client\\js\\validURL.js","statementMap":{"0":{"start":{"line":17,"column":16},"end":{"line":22,"column":29}},"1":{"start":{"line":23,"column":2},"end":{"line":23,"column":29}}},"fnMap":{"0":{"name":"validURL","decl":{"start":{"line":16,"column":9},"end":{"line":16,"column":17}},"loc":{"start":{"line":16,"column":23},"end":{"line":24,"column":1}},"line":16}},"branchMap":{},"s":{"0":2,"1":2},"f":{"0":2},"b":{},"_coverageSchema":"1a1c01bbd47fc00a2c39e90264f33305004495a9","hash":"8d041d79aa642ce884e545cab4efa78b77061942"}
}
