{"D:\\Work\\Nour-Enineering-Consultant\\webs\\udacityAdvancedTrack\\Udacity-Advanced-Project-evaluate-news-NLP\\src\\client\\js\\formHandler.js": {"path":"D:\\Work\\Nour-Enineering-Consultant\\webs\\udacityAdvancedTrack\\Udacity-Advanced-Project-evaluate-news-NLP\\src\\client\\js\\formHandler.js","statementMap":{"0":{"start":{"line":5,"column":14},"end":{"line":5,"column":35}},"1":{"start":{"line":8,"column":4},"end":{"line":8,"column":22}},"2":{"start":{"line":10,"column":14},"end":{"line":10,"column":50}},"3":{"start":{"line":12,"column":4},"end":{"line":26,"column":5}},"4":{"start":{"line":15,"column":8},"end":{"line":20,"column":10}},"5":{"start":{"line":16,"column":12},"end":{"line":16,"column":92}},"6":{"start":{"line":17,"column":12},"end":{"line":17,"column":101}},"7":{"start":{"line":18,"column":12},"end":{"line":18,"column":95}},"8":{"start":{"line":19,"column":12},"end":{"line":19,"column":80}},"9":{"start":{"line":24,"column":8},"end":{"line":24,"column":41}},"10":{"start":{"line":25,"column":8},"end":{"line":25,"column":47}},"11":{"start":{"line":30,"column":13},"end":{"line":48,"column":1}},"12":{"start":{"line":31,"column":21},"end":{"line":39,"column":6}},"13":{"start":{"line":40,"column":4},"end":{"line":47,"column":5}},"14":{"start":{"line":42,"column":8},"end":{"line":42,"column":36}},"15":{"start":{"line":46,"column":8},"end":{"line":46,"column":40}}},"fnMap":{"0":{"name":"handleSubmit","decl":{"start":{"line":7,"column":15},"end":{"line":7,"column":27}},"loc":{"start":{"line":7,"column":31},"end":{"line":27,"column":1}},"line":7},"1":{"name":"(anonymous_1)","decl":{"start":{"line":15,"column":60},"end":{"line":15,"column":61}},"loc":{"start":{"line":15,"column":67},"end":{"line":20,"column":9}},"line":15},"2":{"name":"(anonymous_2)","decl":{"start":{"line":30,"column":13},"end":{"line":30,"column":14}},"loc":{"start":{"line":30,"column":44},"end":{"line":48,"column":1}},"line":30}},"branchMap":{"0":{"loc":{"start":{"line":12,"column":4},"end":{"line":26,"column":5}},"type":"if","locations":[{"start":{"line":12,"column":4},"end":{"line":26,"column":5}},{"start":{"line":12,"column":4},"end":{"line":26,"column":5}}],"line":12},"1":{"loc":{"start":{"line":30,"column":20},"end":{"line":30,"column":28}},"type":"default-arg","locations":[{"start":{"line":30,"column":26},"end":{"line":30,"column":28}}],"line":30},"2":{"loc":{"start":{"line":30,"column":30},"end":{"line":30,"column":39}},"type":"default-arg","locations":[{"start":{"line":30,"column":37},"end":{"line":30,"column":39}}],"line":30}},"s":{"0":1,"1":0,"2":0,"3":0,"4":0,"5":0,"6":0,"7":0,"8":0,"9":0,"10":0,"11":1,"12":0,"13":0,"14":0,"15":0},"f":{"0":0,"1":0,"2":0},"b":{"0":[0,0],"1":[0],"2":[0]},"_coverageSchema":"1a1c01bbd47fc00a2c39e90264f33305004495a9","hash":"448378941f8b3bdef866515264c41fd621fa35ca"}
,"D:\\Work\\Nour-Enineering-Consultant\\webs\\udacityAdvancedTrack\\Udacity-Advanced-Project-evaluate-news-NLP\\src\\client\\js\\validURL.js": {"path":"D:\\Work\\Nour-Enineering-Consultant\\webs\\udacityAdvancedTrack\\Udacity-Advanced-Project-evaluate-news-NLP\\src\\client\\js\\validURL.js","statementMap":{"0":{"start":{"line":17,"column":16},"end":{"line":22,"column":29}},"1":{"start":{"line":23,"column":2},"end":{"line":23,"column":29}}},"fnMap":{"0":{"name":"validURL","decl":{"start":{"line":16,"column":9},"end":{"line":16,"column":17}},"loc":{"start":{"line":16,"column":23},"end":{"line":24,"column":1}},"line":16}},"branchMap":{},"s":{"0":2,"1":2},"f":{"0":2},"b":{},"_coverageSchema":"1a1c01bbd47fc00a2c39e90264f33305004495a9","hash":"8d041d79aa642ce884e545cab4efa78b77061942"}
,"D:\\Work\\Nour-Enineering-Consultant\\webs\\udacityAdvancedTrack\\Udacity-Advanced-Project-evaluate-news-NLP\\src\\server\\index.js": {"path":"D:\\Work\\Nour-Enineering-Consultant\\webs\\udacityAdvancedTrack\\Udacity-Advanced-Project-evaluate-news-NLP\\src\\server\\index.js","statementMap":{"0":{"start":{"line":1,"column":24},"end":{"line":1,"column":47}},"1":{"start":{"line":4,"column":16},"end":{"line":4,"column":34}},"2":{"start":{"line":5,"column":12},"end":{"line":5,"column":21}},"3":{"start":{"line":9,"column":15},"end":{"line":9,"column":32}},"4":{"start":{"line":10,"column":0},"end":{"line":10,"column":16}},"5":{"start":{"line":13,"column":14},"end":{"line":13,"column":35}},"6":{"start":{"line":14,"column":11},"end":{"line":14,"column":26}},"7":{"start":{"line":16,"column":13},"end":{"line":16,"column":17}},"8":{"start":{"line":17,"column":15},"end":{"line":17,"column":37}},"9":{"start":{"line":18,"column":0},"end":{"line":18,"column":45}},"10":{"start":{"line":19,"column":0},"end":{"line":19,"column":22}},"11":{"start":{"line":20,"column":0},"end":{"line":20,"column":31}},"12":{"start":{"line":23,"column":13},"end":{"line":23,"column":28}},"13":{"start":{"line":24,"column":0},"end":{"line":24,"column":16}},"14":{"start":{"line":27,"column":0},"end":{"line":30,"column":2}},"15":{"start":{"line":28,"column":4},"end":{"line":28,"column":35}},"16":{"start":{"line":32,"column":0},"end":{"line":55,"column":2}},"17":{"start":{"line":33,"column":4},"end":{"line":54,"column":5}},"18":{"start":{"line":34,"column":22},"end":{"line":34,"column":34}},"19":{"start":{"line":35,"column":28},"end":{"line":35,"column":72}},"20":{"start":{"line":36,"column":26},"end":{"line":36,"column":45}},"21":{"start":{"line":38,"column":29},"end":{"line":38,"column":75}},"22":{"start":{"line":39,"column":27},"end":{"line":39,"column":48}},"23":{"start":{"line":40,"column":26},"end":{"line":40,"column":47}},"24":{"start":{"line":43,"column":24},"end":{"line":48,"column":13}},"25":{"start":{"line":50,"column":8},"end":{"line":50,"column":25}},"26":{"start":{"line":53,"column":8},"end":{"line":53,"column":43}},"27":{"start":{"line":58,"column":0},"end":{"line":60,"column":2}},"28":{"start":{"line":59,"column":4},"end":{"line":59,"column":29}},"29":{"start":{"line":64,"column":0},"end":{"line":67,"column":2}},"30":{"start":{"line":65,"column":4},"end":{"line":65,"column":37}},"31":{"start":{"line":65,"column":15},"end":{"line":65,"column":37}},"32":{"start":{"line":66,"column":4},"end":{"line":66,"column":52}},"33":{"start":{"line":69,"column":0},"end":{"line":69,"column":34}}},"fnMap":{"0":{"name":"(anonymous_0)","decl":{"start":{"line":27,"column":13},"end":{"line":27,"column":14}},"loc":{"start":{"line":27,"column":33},"end":{"line":30,"column":1}},"line":27},"1":{"name":"(anonymous_1)","decl":{"start":{"line":32,"column":19},"end":{"line":32,"column":20}},"loc":{"start":{"line":32,"column":39},"end":{"line":55,"column":1}},"line":32},"2":{"name":"(anonymous_2)","decl":{"start":{"line":58,"column":20},"end":{"line":58,"column":21}},"loc":{"start":{"line":58,"column":40},"end":{"line":60,"column":1}},"line":58},"3":{"name":"(anonymous_3)","decl":{"start":{"line":64,"column":17},"end":{"line":64,"column":18}},"loc":{"start":{"line":64,"column":28},"end":{"line":67,"column":1}},"line":64}},"branchMap":{"0":{"loc":{"start":{"line":65,"column":4},"end":{"line":65,"column":37}},"type":"if","locations":[{"start":{"line":65,"column":4},"end":{"line":65,"column":37}},{"start":{"line":65,"column":4},"end":{"line":65,"column":37}}],"line":65}},"s":{"0":1,"1":1,"2":1,"3":1,"4":1,"5":1,"6":1,"7":1,"8":1,"9":1,"10":1,"11":1,"12":1,"13":1,"14":1,"15":0,"16":1,"17":0,"18":0,"19":0,"20":0,"21":0,"22":0,"23":0,"24":0,"25":0,"26":0,"27":1,"28":0,"29":1,"30":1,"31":0,"32":1,"33":1},"f":{"0":0,"1":0,"2":0,"3":1},"b":{"0":[0,1]},"_coverageSchema":"1a1c01bbd47fc00a2c39e90264f33305004495a9","hash":"14a3f424e1b0233e980d5eba04604fff8b1675cf"}
,"D:\\Work\\Nour-Enineering-Consultant\\webs\\udacityAdvancedTrack\\Udacity-Advanced-Project-evaluate-news-NLP\\src\\server\\mockAPI.js": {"path":"D:\\Work\\Nour-Enineering-Consultant\\webs\\udacityAdvancedTrack\\Udacity-Advanced-Project-evaluate-news-NLP\\src\\server\\mockAPI.js","statementMap":{"0":{"start":{"line":1,"column":11},"end":{"line":5,"column":1}},"1":{"start":{"line":7,"column":0},"end":{"line":7,"column":21}}},"fnMap":{},"branchMap":{},"s":{"0":1,"1":1},"f":{},"b":{},"_coverageSchema":"1a1c01bbd47fc00a2c39e90264f33305004495a9","hash":"c575703ac921fdf45f5543b2a3395bb125cbf3ba"}
}
