TN:
SF:src\client\js\formHandler.js
FN:7,handleSubmit
FN:15,(anonymous_1)
FN:30,(anonymous_2)
FNF:3
FNH:0
FNDA:0,handleSubmit
FNDA:0,(anonymous_1)
FNDA:0,(anonymous_2)
DA:5,1
DA:8,0
DA:10,0
DA:12,0
DA:15,0
DA:16,0
DA:17,0
DA:18,0
DA:19,0
DA:24,0
DA:25,0
DA:30,1
DA:31,0
DA:40,0
DA:42,0
DA:46,0
LF:16
LH:2
BRDA:12,0,0,0
BRDA:12,0,1,0
BRDA:30,1,0,0
BRDA:30,2,0,0
BRF:4
BRH:0
end_of_record
TN:
SF:src\client\js\validURL.js
FN:16,validURL
FNF:1
FNH:1
FNDA:2,validURL
DA:17,2
DA:23,2
LF:2
LH:2
BRF:0
BRH:0
end_of_record
